This is pdfTeX, Version 3.14159265-2.6-1.40.21 (MiKTeX 20.7) (preloaded format=pdflatex 2020.9.13)  27 OCT 2020 17:42
entering extended mode
**./solution.tex
(solution.tex
LaTeX2e <2020-02-02> patch level 5
L3 programming layer <2020-09-03>
(C:\Users\crbon\AppData\Local\Programs\MiKTeX\tex/latex/base\article.cls
Document Class: article 2019/12/20 v1.4l Standard LaTeX document class
(C:\Users\crbon\AppData\Local\Programs\MiKTeX\tex/latex/base\size10.clo
File: size10.clo 2019/12/20 v1.4l Standard LaTeX file (size option)
)
\c@part=\count168
\c@section=\count169
\c@subsection=\count170
\c@subsubsection=\count171
\c@paragraph=\count172
\c@subparagraph=\count173
\c@figure=\count174
\c@table=\count175
\abovecaptionskip=\skip47
\belowcaptionskip=\skip48
\bibindent=\dimen134
)
(C:\Users\crbon\AppData\Local\Programs\MiKTeX\tex/latex/psnfss\times.sty
Package: times 2020/03/25 PSNFSS-v9.3 (SPQR) 
)
(C:\Users\crbon\AppData\Local\Programs\MiKTeX\tex/latex/base\fontenc.sty
Package: fontenc 2020/02/11 v2.0o Standard LaTeX package
LaTeX Font Info:    Trying to load font information for T1+ptm on input line 11
2.

(C:\Users\crbon\AppData\Local\Programs\MiKTeX\tex/latex/psnfss\t1ptm.fd
File: t1ptm.fd 2001/06/04 font definitions for T1/ptm.
))
(C:\Users\crbon\AppData\Local\Programs\MiKTeX\tex/latex/geometry\geometry.sty
Package: geometry 2020/01/02 v5.9 Page Geometry

(C:\Users\crbon\AppData\Local\Programs\MiKTeX\tex/latex/graphics\keyval.sty
Package: keyval 2014/10/28 v1.15 key=value parser (DPC)
\KV@toks@=\toks15
)
(C:\Users\crbon\AppData\Local\Programs\MiKTeX\tex/generic/iftex\ifvtex.sty
Package: ifvtex 2019/10/25 v1.7 ifvtex legacy package. Use iftex instead.

(C:\Users\crbon\AppData\Local\Programs\MiKTeX\tex/generic/iftex\iftex.sty
Package: iftex 2020/03/06 v1.0d TeX engine tests
))
\Gm@cnth=\count176
\Gm@cntv=\count177
\c@Gm@tempcnt=\count178
\Gm@bindingoffset=\dimen135
\Gm@wd@mp=\dimen136
\Gm@odd@mp=\dimen137
\Gm@even@mp=\dimen138
\Gm@layoutwidth=\dimen139
\Gm@layoutheight=\dimen140
\Gm@layouthoffset=\dimen141
\Gm@layoutvoffset=\dimen142
\Gm@dimlist=\toks16

(C:\Users\crbon\AppData\Local\Programs\MiKTeX\tex/latex/geometry\geometry.cfg))
(C:\Users\crbon\AppData\Local\Programs\MiKTeX\tex/latex/fancyhdr\fancyhdr.sty
Package: fancyhdr 2019/01/31 v3.10 Extensive control of page headers and footer
s
\f@nch@headwidth=\skip49
\f@nch@O@elh=\skip50
\f@nch@O@erh=\skip51
\f@nch@O@olh=\skip52
\f@nch@O@orh=\skip53
\f@nch@O@elf=\skip54
\f@nch@O@erf=\skip55
\f@nch@O@olf=\skip56
\f@nch@O@orf=\skip57
)
(C:\Users\crbon\AppData\Local\Programs\MiKTeX\tex/latex/amsmath\amsmath.sty
Package: amsmath 2020/01/20 v2.17e AMS math features
\@mathmargin=\skip58

For additional information on amsmath, use the `?' option.
(C:\Users\crbon\AppData\Local\Programs\MiKTeX\tex/latex/amsmath\amstext.sty
Package: amstext 2000/06/29 v2.01 AMS text

(C:\Users\crbon\AppData\Local\Programs\MiKTeX\tex/latex/amsmath\amsgen.sty
File: amsgen.sty 1999/11/30 v2.0 generic functions
\@emptytoks=\toks17
\ex@=\dimen143
))
(C:\Users\crbon\AppData\Local\Programs\MiKTeX\tex/latex/amsmath\amsbsy.sty
Package: amsbsy 1999/11/29 v1.2d Bold Symbols
\pmbraise@=\dimen144
)
(C:\Users\crbon\AppData\Local\Programs\MiKTeX\tex/latex/amsmath\amsopn.sty
Package: amsopn 2016/03/08 v2.02 operator names
)
\inf@bad=\count179
LaTeX Info: Redefining \frac on input line 227.
\uproot@=\count180
\leftroot@=\count181
LaTeX Info: Redefining \overline on input line 389.
\classnum@=\count182
\DOTSCASE@=\count183
LaTeX Info: Redefining \ldots on input line 486.
LaTeX Info: Redefining \dots on input line 489.
LaTeX Info: Redefining \cdots on input line 610.
\Mathstrutbox@=\box45
\strutbox@=\box46
\big@size=\dimen145
LaTeX Font Info:    Redeclaring font encoding OML on input line 733.
LaTeX Font Info:    Redeclaring font encoding OMS on input line 734.
\macc@depth=\count184
\c@MaxMatrixCols=\count185
\dotsspace@=\muskip16
\c@parentequation=\count186
\dspbrk@lvl=\count187
\tag@help=\toks18
\row@=\count188
\column@=\count189
\maxfields@=\count190
\andhelp@=\toks19
\eqnshift@=\dimen146
\alignsep@=\dimen147
\tagshift@=\dimen148
\tagwidth@=\dimen149
\totwidth@=\dimen150
\lineht@=\dimen151
\@envbody=\toks20
\multlinegap=\skip59
\multlinetaggap=\skip60
\mathdisplay@stack=\toks21
LaTeX Info: Redefining \[ on input line 2859.
LaTeX Info: Redefining \] on input line 2860.
)
(C:\Users\crbon\AppData\Local\Programs\MiKTeX\tex/latex/graphics\graphicx.sty
Package: graphicx 2019/11/30 v1.2a Enhanced LaTeX Graphics (DPC,SPQR)

(C:\Users\crbon\AppData\Local\Programs\MiKTeX\tex/latex/graphics\graphics.sty
Package: graphics 2019/11/30 v1.4a Standard LaTeX Graphics (DPC,SPQR)

(C:\Users\crbon\AppData\Local\Programs\MiKTeX\tex/latex/graphics\trig.sty
Package: trig 2016/01/03 v1.10 sin cos tan (DPC)
)
(C:\Users\crbon\AppData\Local\Programs\MiKTeX\tex/latex/graphics-cfg\graphics.c
fg
File: graphics.cfg 2016/06/04 v1.11 sample graphics configuration
)
Package graphics Info: Driver file: pdftex.def on input line 105.

(C:\Users\crbon\AppData\Local\Programs\MiKTeX\tex/latex/graphics-def\pdftex.def
File: pdftex.def 2020/08/26 v1.2 Graphics/color driver for pdftex
))
\Gin@req@height=\dimen152
\Gin@req@width=\dimen153
)
(C:\Users\crbon\AppData\Local\Programs\MiKTeX\tex/latex/l3backend\l3backend-pdf
tex.def
File: l3backend-pdftex.def 2020-09-01 L3 backend support: PDF output (pdfTeX)
\l__kernel_color_stack_int=\count191
\l__pdf_internal_box=\box47
) (solution.aux)
\openout1 = `solution.aux'.

LaTeX Font Info:    Checking defaults for OML/cmm/m/it on input line 29.
LaTeX Font Info:    ... okay on input line 29.
LaTeX Font Info:    Checking defaults for OMS/cmsy/m/n on input line 29.
LaTeX Font Info:    ... okay on input line 29.
LaTeX Font Info:    Checking defaults for OT1/cmr/m/n on input line 29.
LaTeX Font Info:    ... okay on input line 29.
LaTeX Font Info:    Checking defaults for T1/cmr/m/n on input line 29.
LaTeX Font Info:    ... okay on input line 29.
LaTeX Font Info:    Checking defaults for TS1/cmr/m/n on input line 29.
LaTeX Font Info:    ... okay on input line 29.
LaTeX Font Info:    Checking defaults for OMX/cmex/m/n on input line 29.
LaTeX Font Info:    ... okay on input line 29.
LaTeX Font Info:    Checking defaults for U/cmr/m/n on input line 29.
LaTeX Font Info:    ... okay on input line 29.

*geometry* driver: auto-detecting
*geometry* detected driver: pdftex
*geometry* verbose mode - [ preamble ] result:
* driver: pdftex
* paper: <default>
* layout: <same size as paper>
* layoutoffset:(h,v)=(0.0pt,0.0pt)
* modes: 
* h-part:(L,W,R)=(50.58878pt, 513.11745pt, 50.58878pt)
* v-part:(T,H,B)=(72.26999pt, 672.11122pt, 50.58878pt)
* \paperwidth=614.295pt
* \paperheight=794.96999pt
* \textwidth=513.11745pt
* \textheight=672.11122pt
* \oddsidemargin=-21.68121pt
* \evensidemargin=-21.68121pt
* \topmargin=-37.0pt
* \headheight=12.0pt
* \headsep=25.0pt
* \topskip=10.0pt
* \footskip=30.0pt
* \marginparwidth=65.0pt
* \marginparsep=11.0pt
* \columnsep=10.0pt
* \skip\footins=9.0pt plus 4.0pt minus 2.0pt
* \hoffset=0.0pt
* \voffset=0.0pt
* \mag=1000
* \@twocolumnfalse
* \@twosidefalse
* \@mparswitchfalse
* \@reversemarginfalse
* (1in=72.27pt=25.4mm, 1cm=28.453pt)


(C:\Users\crbon\AppData\Local\Programs\MiKTeX\tex/context/base/mkii\supp-pdf.mk
ii
[Loading MPS to PDF converter (version 2006.09.02).]
\scratchcounter=\count192
\scratchdimen=\dimen154
\scratchbox=\box48
\nofMPsegments=\count193
\nofMParguments=\count194
\everyMPshowfont=\toks22
\MPscratchCnt=\count195
\MPscratchDim=\dimen155
\MPnumerator=\count196
\makeMPintoPDFobject=\count197
\everyMPtoPDFconversion=\toks23
)
(C:\Users\crbon\AppData\Local\Programs\MiKTeX\tex/latex/epstopdf-pkg\epstopdf-b
ase.sty
Package: epstopdf-base 2020-01-24 v2.11 Base part for package epstopdf
Package epstopdf-base Info: Redefining graphics rule for `.eps' on input line 4
85.
) [1{C:/Users/crbon/AppData/Local/MiKTeX/pdftex/config/pdftex.map}


]
<code/outputs/prob1.png, id=12, 481.8pt x 321.2pt>
File: code/outputs/prob1.png Graphic file (type png)
<use code/outputs/prob1.png>
Package pdftex.def Info: code/outputs/prob1.png  used on input line 112.
(pdftex.def)             Requested size: 300.00679pt x 200.0pt.

[2 <./code/outputs/prob1.png (PNG copy)>]
<code/outputs/prob2a_1.png, id=18, 2048.65375pt x 1364.09625pt>
File: code/outputs/prob2a_1.png Graphic file (type png)
<use code/outputs/prob2a_1.png>
Package pdftex.def Info: code/outputs/prob2a_1.png  used on input line 146.
(pdftex.def)             Requested size: 345.42188pt x 230.0pt.
<code/outputs/prob2a_2.png, id=19, 1364.09625pt x 2048.65375pt>
File: code/outputs/prob2a_2.png Graphic file (type png)
<use code/outputs/prob2a_2.png>
Package pdftex.def Info: code/outputs/prob2a_2.png  used on input line 147.
(pdftex.def)             Requested size: 153.13158pt x 230.0pt.
<code/outputs/prob2a_3.png, id=20, 2048.65375pt x 1364.09625pt>
File: code/outputs/prob2a_3.png Graphic file (type png)
<use code/outputs/prob2a_3.png>
Package pdftex.def Info: code/outputs/prob2a_3.png  used on input line 148.
(pdftex.def)             Requested size: 345.42188pt x 230.0pt.


LaTeX Warning: `!h' float specifier changed to `!ht'.


Underfull \hbox (badness 10000) in paragraph at lines 153--154

 []

<code/outputs/prob2b_1.png, id=21, 2048.65375pt x 1364.09625pt>
File: code/outputs/prob2b_1.png Graphic file (type png)
<use code/outputs/prob2b_1.png>
Package pdftex.def Info: code/outputs/prob2b_1.png  used on input line 160.
(pdftex.def)             Requested size: 345.42188pt x 230.0pt.
<code/outputs/prob2b_2.png, id=22, 1364.09625pt x 2048.65375pt>
File: code/outputs/prob2b_2.png Graphic file (type png)
<use code/outputs/prob2b_2.png>
Package pdftex.def Info: code/outputs/prob2b_2.png  used on input line 161.
(pdftex.def)             Requested size: 153.13158pt x 230.0pt.
<code/outputs/prob2b_3.png, id=23, 2048.65375pt x 1364.09625pt>
File: code/outputs/prob2b_3.png Graphic file (type png)
<use code/outputs/prob2b_3.png>
Package pdftex.def Info: code/outputs/prob2b_3.png  used on input line 162.
(pdftex.def)             Requested size: 345.42188pt x 230.0pt.

LaTeX Warning: `!h' float specifier changed to `!ht'.

[3

] [4 <./code/outputs/prob2a_1.png (PNG copy)> <./code/outputs/prob2a_2.png (PNG
 copy)> <./code/outputs/prob2a_3.png (PNG copy)>] [5 <./code/outputs/prob2b_1.p
ng (PNG copy)> <./code/outputs/prob2b_2.png (PNG copy)> <./code/outputs/prob2b_
3.png (PNG copy)>]
<code/outputs/prob3_nrm.png, id=33, 807.015pt x 736.7525pt>
File: code/outputs/prob3_nrm.png Graphic file (type png)
<use code/outputs/prob3_nrm.png>
Package pdftex.def Info: code/outputs/prob3_nrm.png  used on input line 193.
(pdftex.def)             Requested size: 164.29393pt x 150.0pt.
 [6

 <./code/outputs/prob3_nrm.png (PNG copy)>]
<code/outputs/prob3_alb.png, id=37, 807.015pt x 736.7525pt>
File: code/outputs/prob3_alb.png Graphic file (type png)
<use code/outputs/prob3_alb.png>
Package pdftex.def Info: code/outputs/prob3_alb.png  used on input line 218.
(pdftex.def)             Requested size: 164.29393pt x 150.0pt.
 [7 <./code/outputs/prob3_alb.png (PNG copy)>]
<code/outputs/prob4.png, id=43, 1387.584pt x 695.9601pt>
File: code/outputs/prob4.png Graphic file (type png)
<use code/outputs/prob4.png>
Package pdftex.def Info: code/outputs/prob4.png  used on input line 246.
(pdftex.def)             Requested size: 498.42888pt x 250.0pt.
 [8

 <./code/outputs/prob4.png>]
<code/outputs/prob5.png, id=49, 1387.584pt x 695.9601pt>
File: code/outputs/prob5.png Graphic file (type png)
<use code/outputs/prob5.png>
Package pdftex.def Info: code/outputs/prob5.png  used on input line 300.
(pdftex.def)             Requested size: 498.42888pt x 250.0pt.


LaTeX Warning: `!h' float specifier changed to `!ht'.

[9

] [10 <./code/outputs/prob5.png>] [11

] (solution.aux) ) 
Here is how much of TeX's memory you used:
 2754 strings out of 481199
 37792 string characters out of 2905595
 291679 words of memory out of 3000000
 18357 multiletter control sequences out of 15000+200000
 548802 words of font info for 40 fonts, out of 3000000 for 9000
 1141 hyphenation exceptions out of 8191
 36i,16n,45p,834b,231s stack positions out of 5000i,500n,10000p,200000b,50000s
{C:/Users/crbon/AppData/Local/Programs/MiKTeX/fonts/enc/dvips
/base/8r.enc}<C:/Users/crbon/AppData/Local/Programs/MiKTeX/fonts/type1/public/a
msfonts/cm/cmex10.pfb><C:/Users/crbon/AppData/Local/Programs/MiKTeX/fonts/type1
/public/amsfonts/cm/cmmi10.pfb><C:/Users/crbon/AppData/Local/Programs/MiKTeX/fo
nts/type1/public/amsfonts/cm/cmmi5.pfb><C:/Users/crbon/AppData/Local/Programs/M
iKTeX/fonts/type1/public/amsfonts/cm/cmmi7.pfb><C:/Users/crbon/AppData/Local/Pr
ograms/MiKTeX/fonts/type1/public/amsfonts/cm/cmr10.pfb><C:/Users/crbon/AppData/
Local/Programs/MiKTeX/fonts/type1/public/amsfonts/cm/cmr7.pfb><C:/Users/crbon/A
ppData/Local/Programs/MiKTeX/fonts/type1/public/amsfonts/cm/cmsy10.pfb><C:/User
s/crbon/AppData/Local/Programs/MiKTeX/fonts/type1/public/amsfonts/cm/cmsy7.pfb>
<C:/Users/crbon/AppData/Local/Programs/MiKTeX/fonts/type1/urw/times/utmb8a.pfb>
<C:/Users/crbon/AppData/Local/Programs/MiKTeX/fonts/type1/urw/times/utmr8a.pfb>

Output written on solution.pdf (11 pages, 16507208 bytes).
PDF statistics:
 93 PDF objects out of 1000 (max. 8388607)
 0 named destinations out of 1000 (max. 500000)
 56 words of extra memory for PDF output out of 10000 (max. 10000000)

